2015-05-20 17:37:05,861 ERROR jp.co.seattleconsulting.interceptor.ExceptionInterceptor - java.lang.NullPointerExceptionのエラーが発生しました。 [http-bio-8080-exec-7] (ExceptionInterceptor.java30)
2015-05-20 18:27:48,447 ERROR jp.co.seattleconsulting.interceptor.ExceptionInterceptor - java.lang.NullPointerExceptionのエラーが発生しました。 [http-bio-8080-exec-1] (ExceptionInterceptor.java30)
2015-05-21 11:33:37,768 ERROR jp.co.seattleconsulting.interceptor.ExceptionInterceptor - java.lang.NumberFormatException: nullのエラーが発生しました。 [http-bio-8080-exec-9] (ExceptionInterceptor.java30)
2015-05-21 11:40:14,812 ERROR jp.co.seattleconsulting.interceptor.ExceptionInterceptor - java.lang.NumberFormatException: nullのエラーが発生しました。 [http-bio-8080-exec-5] (ExceptionInterceptor.java30)
2015-05-21 11:42:49,921 ERROR jp.co.seattleconsulting.interceptor.ExceptionInterceptor - java.lang.NumberFormatException: nullのエラーが発生しました。 [http-bio-8080-exec-8] (ExceptionInterceptor.java30)
2015-05-21 11:47:08,323 ERROR jp.co.seattleconsulting.interceptor.ExceptionInterceptor - java.lang.NumberFormatException: nullのエラーが発生しました。 [http-bio-8080-exec-1] (ExceptionInterceptor.java30)
2015-05-21 12:08:27,782 ERROR jp.co.seattleconsulting.interceptor.ExceptionInterceptor - java.lang.NumberFormatException: nullのエラーが発生しました。 [http-bio-8080-exec-6] (ExceptionInterceptor.java31)
2015-05-21 12:55:57,336 ERROR jp.co.seattleconsulting.interceptor.ExceptionInterceptor - java.lang.NumberFormatException: nullのエラーが発生しました。 [http-bio-8080-exec-1] (ExceptionInterceptor.java31)
2015-05-21 19:17:15,700 ERROR jp.co.seattleconsulting.interceptor.ExceptionInterceptor - java.lang.NullPointerExceptionのエラーが発生しました。 [http-bio-8080-exec-4] (ExceptionInterceptor.java31)
2015-05-21 19:17:20,759 ERROR jp.co.seattleconsulting.interceptor.ExceptionInterceptor - java.lang.NullPointerExceptionのエラーが発生しました。 [http-bio-8080-exec-4] (ExceptionInterceptor.java31)
2015-05-21 19:28:41,477 ERROR jp.co.seattleconsulting.interceptor.ExceptionInterceptor - java.lang.NullPointerExceptionのエラーが発生しました。 [http-bio-8080-exec-7] (ExceptionInterceptor.java31)
2015-05-21 19:33:53,531 ERROR jp.co.seattleconsulting.interceptor.ExceptionInterceptor - java.lang.NullPointerExceptionのエラーが発生しました。 [http-bio-8080-exec-8] (ExceptionInterceptor.java31)
2015-05-21 19:43:25,643 ERROR jp.co.seattleconsulting.interceptor.ExceptionInterceptor - java.lang.NullPointerExceptionのエラーが発生しました。 [http-bio-8080-exec-8] (ExceptionInterceptor.java31)
2015-05-21 19:45:40,436 ERROR org.apache.struts.action.RequestProcessor - パス /displayEmp に対するアクションのインスタンスがありません [http-bio-8080-exec-5] (S2RequestProcessor.java238)
org.seasar.framework.exception.InvocationTargetRuntimeException: [ESSR0043]java.lang.ClassLoaderが呼び出した対象が不正です。理由はjava.lang.OutOfMemoryError: PermGen space
	at org.seasar.framework.aop.javassist.AbstractGenerator.toClass(AbstractGenerator.java:288)
	at org.seasar.framework.aop.javassist.EnhancedClassGenerator.toClass(EnhancedClassGenerator.java:112)
	at org.seasar.framework.aop.javassist.AspectWeaver.generateClass(AspectWeaver.java:169)
	at org.seasar.framework.aop.proxy.AopProxy.<init>(AopProxy.java:112)
	at org.seasar.framework.container.util.AopProxyUtil.getConcreteClass(AopProxyUtil.java:54)
	at org.seasar.framework.container.impl.ComponentDefImpl.getConcreteClass(ComponentDefImpl.java:140)
	at org.seasar.framework.container.impl.ComponentDefImpl.init(ComponentDefImpl.java:235)
	at org.seasar.framework.container.hotdeploy.HotdeployBehavior.getComponentDef(HotdeployBehavior.java:187)
	at org.seasar.framework.container.impl.S2ContainerBehavior$DefaultProvider.acquireFromHasComponentDef(S2ContainerBehavior.java:172)
	at org.seasar.framework.container.impl.S2ContainerBehavior.acquireFromHasComponentDef(S2ContainerBehavior.java:86)
	at org.seasar.framework.container.impl.S2ContainerImpl.hasComponentDef(S2ContainerImpl.java:456)
	at org.seasar.framework.container.assembler.AbstractBindingTypeDef.bindAuto(AbstractBindingTypeDef.java:146)
	at org.seasar.framework.container.assembler.BindingTypeMustDef.doBind(BindingTypeMustDef.java:45)
	at org.seasar.framework.container.assembler.AbstractBindingTypeDef.bind(AbstractBindingTypeDef.java:91)
	at org.seasar.framework.container.assembler.AccessTypeFieldDef.bind(AccessTypeFieldDef.java:50)
	at org.seasar.framework.container.assembler.AccessTypeFieldDef.bind(AccessTypeFieldDef.java:42)
	at org.seasar.framework.container.assembler.AutoPropertyAssembler.assemble(AutoPropertyAssembler.java:56)
	at org.seasar.framework.container.deployer.RequestComponentDeployer.deploy(RequestComponentDeployer.java:67)
	at org.seasar.framework.container.impl.ComponentDefImpl.getComponent(ComponentDefImpl.java:111)
	at org.seasar.struts.config.S2ActionMapping.getAction(S2ActionMapping.java:320)
	at org.seasar.struts.action.ActionWrapper.<init>(ActionWrapper.java:76)
	at org.seasar.struts.action.S2RequestProcessor.processActionCreate(S2RequestProcessor.java:236)
	at org.seasar.struts.action.S2RequestProcessor.process(S2RequestProcessor.java:128)
	at org.apache.struts.action.ActionServlet.process(ActionServlet.java:1196)
	at org.apache.struts.action.ActionServlet.doGet(ActionServlet.java:414)
	at javax.servlet.http.HttpServlet.service(HttpServlet.java:620)
	at javax.servlet.http.HttpServlet.service(HttpServlet.java:727)
	at org.apache.catalina.core.ApplicationFilterChain.internalDoFilter(ApplicationFilterChain.java:303)
	at org.apache.catalina.core.ApplicationFilterChain.doFilter(ApplicationFilterChain.java:208)
	at org.apache.tomcat.websocket.server.WsFilter.doFilter(WsFilter.java:52)
	at org.apache.catalina.core.ApplicationFilterChain.internalDoFilter(ApplicationFilterChain.java:241)
	at org.apache.catalina.core.ApplicationFilterChain.doFilter(ApplicationFilterChain.java:208)
	at org.seasar.extension.filter.RequestDumpFilter.doFilter(RequestDumpFilter.java:127)
	at org.apache.catalina.core.ApplicationFilterChain.internalDoFilter(ApplicationFilterChain.java:241)
	at org.apache.catalina.core.ApplicationFilterChain.doFilter(ApplicationFilterChain.java:208)
	at org.seasar.framework.container.filter.S2ContainerFilter.doFilter(S2ContainerFilter.java:79)
	at org.apache.catalina.core.ApplicationFilterChain.internalDoFilter(ApplicationFilterChain.java:241)
	at org.apache.catalina.core.ApplicationFilterChain.doFilter(ApplicationFilterChain.java:208)
	at org.seasar.framework.container.hotdeploy.HotdeployFilter.doHotdeployFilter(HotdeployFilter.java:86)
	at org.seasar.framework.container.hotdeploy.HotdeployFilter.doFilter(HotdeployFilter.java:67)
	at org.apache.catalina.core.ApplicationFilterChain.internalDoFilter(ApplicationFilterChain.java:241)
	at org.apache.catalina.core.ApplicationFilterChain.doFilter(ApplicationFilterChain.java:208)
	at org.apache.catalina.core.ApplicationDispatcher.invoke(ApplicationDispatcher.java:748)
	at org.apache.catalina.core.ApplicationDispatcher.processRequest(ApplicationDispatcher.java:486)
	at org.apache.catalina.core.ApplicationDispatcher.doForward(ApplicationDispatcher.java:411)
	at org.apache.catalina.core.ApplicationDispatcher.forward(ApplicationDispatcher.java:338)
	at org.seasar.struts.filter.RoutingFilter.forward(RoutingFilter.java:219)
	at org.seasar.struts.filter.RoutingFilter.doFilter(RoutingFilter.java:90)
	at org.apache.catalina.core.ApplicationFilterChain.internalDoFilter(ApplicationFilterChain.java:241)
	at org.apache.catalina.core.ApplicationFilterChain.doFilter(ApplicationFilterChain.java:208)
	at org.seasar.framework.container.filter.S2ContainerFilter.doFilter(S2ContainerFilter.java:79)
	at org.apache.catalina.core.ApplicationFilterChain.internalDoFilter(ApplicationFilterChain.java:241)
	at org.apache.catalina.core.ApplicationFilterChain.doFilter(ApplicationFilterChain.java:208)
	at org.seasar.framework.container.hotdeploy.HotdeployFilter.doHotdeployFilter(HotdeployFilter.java:99)
	at org.seasar.framework.container.hotdeploy.HotdeployFilter.doFilter(HotdeployFilter.java:67)
	at org.apache.catalina.core.ApplicationFilterChain.internalDoFilter(ApplicationFilterChain.java:241)
	at org.apache.catalina.core.ApplicationFilterChain.doFilter(ApplicationFilterChain.java:208)
	at org.seasar.extension.filter.EncodingFilter.doFilter(EncodingFilter.java:69)
	at org.apache.catalina.core.ApplicationFilterChain.internalDoFilter(ApplicationFilterChain.java:241)
	at org.apache.catalina.core.ApplicationFilterChain.doFilter(ApplicationFilterChain.java:208)
	at org.apache.catalina.core.StandardWrapperValve.invoke(StandardWrapperValve.java:220)
	at org.apache.catalina.core.StandardContextValve.invoke(StandardContextValve.java:122)
	at org.apache.catalina.authenticator.AuthenticatorBase.invoke(AuthenticatorBase.java:501)
	at org.apache.catalina.core.StandardHostValve.invoke(StandardHostValve.java:170)
	at org.apache.catalina.valves.ErrorReportValve.invoke(ErrorReportValve.java:98)
	at org.apache.catalina.valves.AccessLogValve.invoke(AccessLogValve.java:950)
	at org.apache.catalina.core.StandardEngineValve.invoke(StandardEngineValve.java:116)
	at org.apache.catalina.connector.CoyoteAdapter.service(CoyoteAdapter.java:408)
	at org.apache.coyote.http11.AbstractHttp11Processor.process(AbstractHttp11Processor.java:1040)
	at org.apache.coyote.AbstractProtocol$AbstractConnectionHandler.process(AbstractProtocol.java:607)
	at org.apache.tomcat.util.net.JIoEndpoint$SocketProcessor.run(JIoEndpoint.java:315)
	at java.util.concurrent.ThreadPoolExecutor.runWorker(ThreadPoolExecutor.java:1145)
	at java.util.concurrent.ThreadPoolExecutor$Worker.run(ThreadPoolExecutor.java:615)
	at java.lang.Thread.run(Thread.java:744)
Caused by: java.lang.OutOfMemoryError: PermGen space
	at java.lang.ClassLoader.defineClass1(Native Method)
	at java.lang.ClassLoader.defineClass(ClassLoader.java:800)
	at sun.reflect.GeneratedMethodAccessor73.invoke(Unknown Source)
	at sun.reflect.DelegatingMethodAccessorImpl.invoke(DelegatingMethodAccessorImpl.java:43)
	at java.lang.reflect.Method.invoke(Method.java:606)
	at org.seasar.framework.aop.javassist.AbstractGenerator.toClass(AbstractGenerator.java:278)
	at org.seasar.framework.aop.javassist.EnhancedClassGenerator.toClass(EnhancedClassGenerator.java:112)
	at org.seasar.framework.aop.javassist.AspectWeaver.generateClass(AspectWeaver.java:169)
	at org.seasar.framework.aop.proxy.AopProxy.<init>(AopProxy.java:112)
	at org.seasar.framework.container.util.AopProxyUtil.getConcreteClass(AopProxyUtil.java:54)
	at org.seasar.framework.container.impl.ComponentDefImpl.getConcreteClass(ComponentDefImpl.java:140)
	at org.seasar.framework.container.impl.ComponentDefImpl.init(ComponentDefImpl.java:235)
	at org.seasar.framework.container.hotdeploy.HotdeployBehavior.getComponentDef(HotdeployBehavior.java:187)
	at org.seasar.framework.container.impl.S2ContainerBehavior$DefaultProvider.acquireFromHasComponentDef(S2ContainerBehavior.java:172)
	at org.seasar.framework.container.impl.S2ContainerBehavior.acquireFromHasComponentDef(S2ContainerBehavior.java:86)
	at org.seasar.framework.container.impl.S2ContainerImpl.hasComponentDef(S2ContainerImpl.java:456)
	at org.seasar.framework.container.assembler.AbstractBindingTypeDef.bindAuto(AbstractBindingTypeDef.java:146)
	at org.seasar.framework.container.assembler.BindingTypeMustDef.doBind(BindingTypeMustDef.java:45)
	at org.seasar.framework.container.assembler.AbstractBindingTypeDef.bind(AbstractBindingTypeDef.java:91)
	at org.seasar.framework.container.assembler.AccessTypeFieldDef.bind(AccessTypeFieldDef.java:50)
	at org.seasar.framework.container.assembler.AccessTypeFieldDef.bind(AccessTypeFieldDef.java:42)
	at org.seasar.framework.container.assembler.AutoPropertyAssembler.assemble(AutoPropertyAssembler.java:56)
	at org.seasar.framework.container.deployer.RequestComponentDeployer.deploy(RequestComponentDeployer.java:67)
	at org.seasar.framework.container.impl.ComponentDefImpl.getComponent(ComponentDefImpl.java:111)
	at org.seasar.struts.config.S2ActionMapping.getAction(S2ActionMapping.java:320)
	at org.seasar.struts.action.ActionWrapper.<init>(ActionWrapper.java:76)
	at org.seasar.struts.action.S2RequestProcessor.processActionCreate(S2RequestProcessor.java:236)
	at org.seasar.struts.action.S2RequestProcessor.process(S2RequestProcessor.java:128)
	at org.apache.struts.action.ActionServlet.process(ActionServlet.java:1196)
	at org.apache.struts.action.ActionServlet.doGet(ActionServlet.java:414)
	at javax.servlet.http.HttpServlet.service(HttpServlet.java:620)
	at javax.servlet.http.HttpServlet.service(HttpServlet.java:727)
2015-05-21 20:02:40,696 ERROR jp.co.seattleconsulting.interceptor.ExceptionInterceptor - org.seasar.framework.exception.SQLRuntimeException: [ESSR0072]SQLで例外(SQL=[insert into employees (emp_name, emp_furigana, BIRTHDAY, TEL, NOTE, delete_flag, STATUS, registration_date, update_date) values (?, ?, ?, ?, ?, ?, ?, ?, ?)], Message=[[ESSR0072]SQLで例外(SQL=[insert into employees (emp_name, emp_furigana, BIRTHDAY, TEL, NOTE, delete_flag, STATUS, registration_date, update_date) values (?, ?, ?, ?, ?, ?, ?, ?, ?)], Message=[1048], ErrorCode=23000, SQLState={3})が発生しました : [SQLで例外(Message=[Column 'status' cannot be null], ErrorCode=1048, SQLState=23000)が発生しました。], [Column 'status' cannot be null], ErrorCode=1048, SQLState=23000)が発生しましたのエラーが発生しました。 [http-bio-8080-exec-10] (ExceptionInterceptor.java31)
2015-05-21 20:02:56,997 ERROR jp.co.seattleconsulting.interceptor.ExceptionInterceptor - org.seasar.framework.exception.SQLRuntimeException: [ESSR0072]SQLで例外(SQL=[insert into employees (emp_name, emp_furigana, BIRTHDAY, TEL, NOTE, delete_flag, STATUS, registration_date, update_date) values (?, ?, ?, ?, ?, ?, ?, ?, ?)], Message=[[ESSR0072]SQLで例外(SQL=[insert into employees (emp_name, emp_furigana, BIRTHDAY, TEL, NOTE, delete_flag, STATUS, registration_date, update_date) values (?, ?, ?, ?, ?, ?, ?, ?, ?)], Message=[1048], ErrorCode=23000, SQLState={3})が発生しました : [SQLで例外(Message=[Column 'status' cannot be null], ErrorCode=1048, SQLState=23000)が発生しました。], [Column 'status' cannot be null], ErrorCode=1048, SQLState=23000)が発生しましたのエラーが発生しました。 [http-bio-8080-exec-10] (ExceptionInterceptor.java31)
2015-05-21 20:04:20,282 ERROR jp.co.seattleconsulting.interceptor.ExceptionInterceptor - org.seasar.framework.exception.SQLRuntimeException: [ESSR0072]SQLで例外(SQL=[insert into employees (emp_name, emp_furigana, BIRTHDAY, TEL, NOTE, delete_flag, STATUS, registration_date, update_date) values (?, ?, ?, ?, ?, ?, ?, ?, ?)], Message=[[ESSR0072]SQLで例外(SQL=[insert into employees (emp_name, emp_furigana, BIRTHDAY, TEL, NOTE, delete_flag, STATUS, registration_date, update_date) values (?, ?, ?, ?, ?, ?, ?, ?, ?)], Message=[1048], ErrorCode=23000, SQLState={3})が発生しました : [SQLで例外(Message=[Column 'status' cannot be null], ErrorCode=1048, SQLState=23000)が発生しました。], [Column 'status' cannot be null], ErrorCode=1048, SQLState=23000)が発生しましたのエラーが発生しました。 [http-bio-8080-exec-7] (ExceptionInterceptor.java31)
2015-05-21 20:04:29,439 ERROR jp.co.seattleconsulting.interceptor.ExceptionInterceptor - org.seasar.framework.exception.SQLRuntimeException: [ESSR0072]SQLで例外(SQL=[insert into employees (emp_name, emp_furigana, BIRTHDAY, TEL, NOTE, delete_flag, STATUS, registration_date, update_date) values (?, ?, ?, ?, ?, ?, ?, ?, ?)], Message=[[ESSR0072]SQLで例外(SQL=[insert into employees (emp_name, emp_furigana, BIRTHDAY, TEL, NOTE, delete_flag, STATUS, registration_date, update_date) values (?, ?, ?, ?, ?, ?, ?, ?, ?)], Message=[1048], ErrorCode=23000, SQLState={3})が発生しました : [SQLで例外(Message=[Column 'status' cannot be null], ErrorCode=1048, SQLState=23000)が発生しました。], [Column 'status' cannot be null], ErrorCode=1048, SQLState=23000)が発生しましたのエラーが発生しました。 [http-bio-8080-exec-7] (ExceptionInterceptor.java31)
